17-Apr-2019 13:22:41.676 INFO [main] org.apache.catalina.startup.VersionLoggerListener.log Server version:        Apache Tomcat/9.0.10
17-Apr-2019 13:22:41.676 INFO [main] org.apache.catalina.startup.VersionLoggerListener.log Server built:          Jun 20 2018 17:32:21 UTC
17-Apr-2019 13:22:41.676 INFO [main] org.apache.catalina.startup.VersionLoggerListener.log Server number:         9.0.10.0
17-Apr-2019 13:22:41.676 INFO [main] org.apache.catalina.startup.VersionLoggerListener.log OS Name:               Windows 10
17-Apr-2019 13:22:41.676 INFO [main] org.apache.catalina.startup.VersionLoggerListener.log OS Version:            10.0
17-Apr-2019 13:22:41.676 INFO [main] org.apache.catalina.startup.VersionLoggerListener.log Architecture:          amd64
17-Apr-2019 13:22:41.676 INFO [main] org.apache.catalina.startup.VersionLoggerListener.log Java Home:             C:\Program Files\Java\jre1.8.0_162
17-Apr-2019 13:22:41.676 INFO [main] org.apache.catalina.startup.VersionLoggerListener.log JVM Version:           1.8.0_162-b12
17-Apr-2019 13:22:41.676 INFO [main] org.apache.catalina.startup.VersionLoggerListener.log JVM Vendor:            Oracle Corporation
17-Apr-2019 13:22:41.676 INFO [main] org.apache.catalina.startup.VersionLoggerListener.log CATALINA_BASE:         C:\Users\HP\Desktop\apache-tomcat-9.0.10
17-Apr-2019 13:22:41.692 INFO [main] org.apache.catalina.startup.VersionLoggerListener.log CATALINA_HOME:         C:\Users\HP\Desktop\apache-tomcat-9.0.10
17-Apr-2019 13:22:41.692 INFO [main] org.apache.catalina.startup.VersionLoggerListener.log Command line argument: -Djava.util.logging.config.file=C:\Users\HP\Desktop\apache-tomcat-9.0.10\conf\logging.properties
17-Apr-2019 13:22:41.692 INFO [main] org.apache.catalina.startup.VersionLoggerListener.log Command line argument: -Djava.util.logging.manager=org.apache.juli.ClassLoaderLogManager
17-Apr-2019 13:22:41.692 INFO [main] org.apache.catalina.startup.VersionLoggerListener.log Command line argument: -Djdk.tls.ephemeralDHKeySize=2048
17-Apr-2019 13:22:41.692 INFO [main] org.apache.catalina.startup.VersionLoggerListener.log Command line argument: -Djava.protocol.handler.pkgs=org.apache.catalina.webresources
17-Apr-2019 13:22:41.692 INFO [main] org.apache.catalina.startup.VersionLoggerListener.log Command line argument: -Dignore.endorsed.dirs=
17-Apr-2019 13:22:41.692 INFO [main] org.apache.catalina.startup.VersionLoggerListener.log Command line argument: -Dcatalina.base=C:\Users\HP\Desktop\apache-tomcat-9.0.10
17-Apr-2019 13:22:41.692 INFO [main] org.apache.catalina.startup.VersionLoggerListener.log Command line argument: -Dcatalina.home=C:\Users\HP\Desktop\apache-tomcat-9.0.10
17-Apr-2019 13:22:41.692 INFO [main] org.apache.catalina.startup.VersionLoggerListener.log Command line argument: -Djava.io.tmpdir=C:\Users\HP\Desktop\apache-tomcat-9.0.10\temp
17-Apr-2019 13:22:41.692 INFO [main] org.apache.catalina.core.AprLifecycleListener.lifecycleEvent Loaded APR based Apache Tomcat Native library [1.2.17] using APR version [1.6.3].
17-Apr-2019 13:22:41.692 INFO [main] org.apache.catalina.core.AprLifecycleListener.lifecycleEvent APR capabilities: IPv6 [true], sendfile [true], accept filters [false], random [true].
17-Apr-2019 13:22:41.692 INFO [main] org.apache.catalina.core.AprLifecycleListener.lifecycleEvent APR/OpenSSL configuration: useAprConnector [false], useOpenSSL [true]
17-Apr-2019 13:22:42.988 INFO [main] org.apache.catalina.core.AprLifecycleListener.initializeSSL OpenSSL successfully initialized [OpenSSL 1.0.2o  27 Mar 2018]
17-Apr-2019 13:22:44.461 INFO [main] org.apache.coyote.AbstractProtocol.init Initializing ProtocolHandler ["http-nio-8080"]
17-Apr-2019 13:22:44.820 INFO [main] org.apache.tomcat.util.net.NioSelectorPool.getSharedSelector Using a shared selector for servlet write/read
17-Apr-2019 13:22:44.820 INFO [main] org.apache.coyote.AbstractProtocol.init Initializing ProtocolHandler ["ajp-nio-8009"]
17-Apr-2019 13:22:44.836 INFO [main] org.apache.tomcat.util.net.NioSelectorPool.getSharedSelector Using a shared selector for servlet write/read
17-Apr-2019 13:22:44.836 INFO [main] org.apache.catalina.startup.Catalina.load Initialization processed in 3853 ms
17-Apr-2019 13:22:44.898 INFO [main] org.apache.catalina.core.StandardService.startInternal Starting service [Catalina]
17-Apr-2019 13:22:44.898 INFO [main] org.apache.catalina.core.StandardEngine.startInternal Starting Servlet Engine: Apache Tomcat/9.0.10
17-Apr-2019 13:22:44.945 INFO [main] org.apache.catalina.startup.HostConfig.deployWAR Deploying web application archive [C:\Users\HP\Desktop\apache-tomcat-9.0.10\webapps\DemoWebsite.war]
17-Apr-2019 13:22:45.445 INFO [main] org.apache.catalina.startup.HostConfig.deployWAR Deployment of web application archive [C:\Users\HP\Desktop\apache-tomcat-9.0.10\webapps\DemoWebsite.war] has finished in [500] ms
17-Apr-2019 13:22:45.492 INFO [main] org.apache.catalina.startup.HostConfig.deployWAR Deploying web application archive [C:\Users\HP\Desktop\apache-tomcat-9.0.10\webapps\project1.war]
17-Apr-2019 13:22:58.273 INFO [main] org.apache.jasper.servlet.TldScanner.scanJars At least one JAR was scanned for TLDs yet contained no TLDs. Enable debug logging for this logger for a complete list of JARs that were scanned but no TLDs were found in them. Skipping unneeded JARs during scanning can improve startup time and JSP compilation time.
17-Apr-2019 13:22:58.305 INFO [main] org.apache.catalina.startup.HostConfig.deployWAR Deployment of web application archive [C:\Users\HP\Desktop\apache-tomcat-9.0.10\webapps\project1.war] has finished in [12,813] ms
17-Apr-2019 13:22:58.309 INFO [main] org.apache.catalina.startup.HostConfig.deployDirectory Deploying web application directory [C:\Users\HP\Desktop\apache-tomcat-9.0.10\webapps\docs]
17-Apr-2019 13:22:58.409 INFO [main] org.apache.catalina.startup.HostConfig.deployDirectory Deployment of web application directory [C:\Users\HP\Desktop\apache-tomcat-9.0.10\webapps\docs] has finished in [100] ms
17-Apr-2019 13:22:58.413 INFO [main] org.apache.catalina.startup.HostConfig.deployDirectory Deploying web application directory [C:\Users\HP\Desktop\apache-tomcat-9.0.10\webapps\examples]
17-Apr-2019 13:23:03.049 INFO [main] org.apache.catalina.startup.HostConfig.deployDirectory Deployment of web application directory [C:\Users\HP\Desktop\apache-tomcat-9.0.10\webapps\examples] has finished in [4,640] ms
17-Apr-2019 13:23:03.053 INFO [main] org.apache.catalina.startup.HostConfig.deployDirectory Deploying web application directory [C:\Users\HP\Desktop\apache-tomcat-9.0.10\webapps\host-manager]
17-Apr-2019 13:23:03.321 INFO [main] org.apache.catalina.startup.HostConfig.deployDirectory Deployment of web application directory [C:\Users\HP\Desktop\apache-tomcat-9.0.10\webapps\host-manager] has finished in [268] ms
17-Apr-2019 13:23:03.321 INFO [main] org.apache.catalina.startup.HostConfig.deployDirectory Deploying web application directory [C:\Users\HP\Desktop\apache-tomcat-9.0.10\webapps\manager]
17-Apr-2019 13:23:03.433 INFO [main] org.apache.catalina.startup.HostConfig.deployDirectory Deployment of web application directory [C:\Users\HP\Desktop\apache-tomcat-9.0.10\webapps\manager] has finished in [112] ms
17-Apr-2019 13:23:03.437 INFO [main] org.apache.catalina.startup.HostConfig.deployDirectory Deploying web application directory [C:\Users\HP\Desktop\apache-tomcat-9.0.10\webapps\ROOT]
17-Apr-2019 13:23:03.505 INFO [main] org.apache.catalina.startup.HostConfig.deployDirectory Deployment of web application directory [C:\Users\HP\Desktop\apache-tomcat-9.0.10\webapps\ROOT] has finished in [68] ms
17-Apr-2019 13:23:03.513 INFO [main] org.apache.coyote.AbstractProtocol.start Starting ProtocolHandler ["http-nio-8080"]
17-Apr-2019 13:23:03.529 INFO [main] org.apache.coyote.AbstractProtocol.start Starting ProtocolHandler ["ajp-nio-8009"]
17-Apr-2019 13:23:03.537 INFO [main] org.apache.catalina.startup.Catalina.start Server startup in 18697 ms
17-Apr-2019 13:36:59.820 INFO [ContainerBackgroundProcessor[StandardEngine[Catalina]]] org.apache.catalina.startup.HostConfig.undeploy Undeploying context [/DemoWebsite]
17-Apr-2019 13:37:00.445 INFO [ContainerBackgroundProcessor[StandardEngine[Catalina]]] org.apache.catalina.startup.HostConfig.undeploy Undeploying context [/project1]
17-Apr-2019 13:37:00.461 WARNING [ContainerBackgroundProcessor[StandardEngine[Catalina]]] org.apache.catalina.loader.WebappClassLoaderBase.clearReferencesJdbc The web application [project1] registered the JDBC driver [com.mysql.jdbc.Driver] but failed to unregister it when the web application was stopped. To prevent a memory leak, the JDBC Driver has been forcibly unregistered.
17-Apr-2019 13:37:00.461 WARNING [ContainerBackgroundProcessor[StandardEngine[Catalina]]] org.apache.catalina.loader.WebappClassLoaderBase.clearReferencesThreads The web application [project1] appears to have started a thread named [Abandoned connection cleanup thread] but has failed to stop it. This is very likely to create a memory leak. Stack trace of thread:
 java.lang.Object.wait(Native Method)
 java.lang.ref.ReferenceQueue.remove(Unknown Source)
 com.mysql.jdbc.AbandonedConnectionCleanupThread.run(AbandonedConnectionCleanupThread.java:43)
17-Apr-2019 13:37:30.796 INFO [ContainerBackgroundProcessor[StandardEngine[Catalina]]] org.apache.catalina.startup.HostConfig.deployWAR Deploying web application archive [C:\Users\HP\Desktop\apache-tomcat-9.0.10\webapps\project1.war]
17-Apr-2019 13:37:30.952 SEVERE [ContainerBackgroundProcessor[StandardEngine[Catalina]]] org.apache.catalina.startup.ContextConfig.beforeStart Exception fixing docBase for context [/project1]
 java.util.zip.ZipException: error in opening zip file
	at java.util.zip.ZipFile.open(Native Method)
	at java.util.zip.ZipFile.<init>(Unknown Source)
	at java.util.zip.ZipFile.<init>(Unknown Source)
	at java.util.jar.JarFile.<init>(Unknown Source)
	at java.util.jar.JarFile.<init>(Unknown Source)
	at sun.net.www.protocol.jar.URLJarFile.<init>(Unknown Source)
	at sun.net.www.protocol.jar.URLJarFile.getJarFile(Unknown Source)
	at sun.net.www.protocol.jar.JarFileFactory.get(Unknown Source)
	at sun.net.www.protocol.jar.JarURLConnection.connect(Unknown Source)
	at sun.net.www.protocol.jar.JarURLConnection.getJarFile(Unknown Source)
	at org.apache.catalina.startup.ExpandWar.expand(ExpandWar.java:130)
	at org.apache.catalina.startup.ContextConfig.fixDocBase(ContextConfig.java:605)
	at org.apache.catalina.startup.ContextConfig.beforeStart(ContextConfig.java:738)
	at org.apache.catalina.startup.ContextConfig.lifecycleEvent(ContextConfig.java:301)
	at org.apache.catalina.util.LifecycleBase.fireLifecycleEvent(LifecycleBase.java:123)
	at org.apache.catalina.util.LifecycleBase.setStateInternal(LifecycleBase.java:424)
	at org.apache.catalina.util.LifecycleBase.start(LifecycleBase.java:182)
	at org.apache.catalina.core.ContainerBase.addChildInternal(ContainerBase.java:742)
	at org.apache.catalina.core.ContainerBase.addChild(ContainerBase.java:718)
	at org.apache.catalina.core.StandardHost.addChild(StandardHost.java:703)
	at org.apache.catalina.startup.HostConfig.deployWAR(HostConfig.java:986)
	at org.apache.catalina.startup.HostConfig$DeployWar.run(HostConfig.java:1858)
	at java.util.concurrent.Executors$RunnableAdapter.call(Unknown Source)
	at java.util.concurrent.FutureTask.run(Unknown Source)
	at org.apache.tomcat.util.threads.InlineExecutorService.execute(InlineExecutorService.java:75)
	at java.util.concurrent.AbstractExecutorService.submit(Unknown Source)
	at org.apache.catalina.startup.HostConfig.deployWARs(HostConfig.java:772)
	at org.apache.catalina.startup.HostConfig.deployApps(HostConfig.java:426)
	at org.apache.catalina.startup.HostConfig.check(HostConfig.java:1629)
	at org.apache.catalina.startup.HostConfig.lifecycleEvent(HostConfig.java:304)
	at org.apache.catalina.util.LifecycleBase.fireLifecycleEvent(LifecycleBase.java:123)
	at org.apache.catalina.core.ContainerBase.backgroundProcess(ContainerBase.java:1174)
	at org.apache.catalina.core.ContainerBase$ContainerBackgroundProcessor.processChildren(ContainerBase.java:1396)
	at org.apache.catalina.core.ContainerBase$ContainerBackgroundProcessor.processChildren(ContainerBase.java:1400)
	at org.apache.catalina.core.ContainerBase$ContainerBackgroundProcessor.run(ContainerBase.java:1368)
	at java.lang.Thread.run(Unknown Source)

17-Apr-2019 13:37:31.014 SEVERE [ContainerBackgroundProcessor[StandardEngine[Catalina]]] org.apache.catalina.core.ContainerBase.addChildInternal ContainerBase.addChild: start: 
 org.apache.catalina.LifecycleException: Failed to initialize component [org.apache.catalina.webresources.WarResourceSet@58201b3e]
	at org.apache.catalina.util.LifecycleBase.handleSubClassException(LifecycleBase.java:441)
	at org.apache.catalina.util.LifecycleBase.init(LifecycleBase.java:139)
	at org.apache.catalina.util.LifecycleBase.start(LifecycleBase.java:173)
	at org.apache.catalina.webresources.StandardRoot.startInternal(StandardRoot.java:714)
	at org.apache.catalina.util.LifecycleBase.start(LifecycleBase.java:183)
	at org.apache.catalina.core.StandardContext.resourcesStart(StandardContext.java:4758)
	at org.apache.catalina.core.StandardContext.startInternal(StandardContext.java:4893)
	at org.apache.catalina.util.LifecycleBase.start(LifecycleBase.java:183)
	at org.apache.catalina.core.ContainerBase.addChildInternal(ContainerBase.java:742)
	at org.apache.catalina.core.ContainerBase.addChild(ContainerBase.java:718)
	at org.apache.catalina.core.StandardHost.addChild(StandardHost.java:703)
	at org.apache.catalina.startup.HostConfig.deployWAR(HostConfig.java:986)
	at org.apache.catalina.startup.HostConfig$DeployWar.run(HostConfig.java:1858)
	at java.util.concurrent.Executors$RunnableAdapter.call(Unknown Source)
	at java.util.concurrent.FutureTask.run(Unknown Source)
	at org.apache.tomcat.util.threads.InlineExecutorService.execute(InlineExecutorService.java:75)
	at java.util.concurrent.AbstractExecutorService.submit(Unknown Source)
	at org.apache.catalina.startup.HostConfig.deployWARs(HostConfig.java:772)
	at org.apache.catalina.startup.HostConfig.deployApps(HostConfig.java:426)
	at org.apache.catalina.startup.HostConfig.check(HostConfig.java:1629)
	at org.apache.catalina.startup.HostConfig.lifecycleEvent(HostConfig.java:304)
	at org.apache.catalina.util.LifecycleBase.fireLifecycleEvent(LifecycleBase.java:123)
	at org.apache.catalina.core.ContainerBase.backgroundProcess(ContainerBase.java:1174)
	at org.apache.catalina.core.ContainerBase$ContainerBackgroundProcessor.processChildren(ContainerBase.java:1396)
	at org.apache.catalina.core.ContainerBase$ContainerBackgroundProcessor.processChildren(ContainerBase.java:1400)
	at org.apache.catalina.core.ContainerBase$ContainerBackgroundProcessor.run(ContainerBase.java:1368)
	at java.lang.Thread.run(Unknown Source)
Caused by: java.lang.IllegalArgumentException: java.util.zip.ZipException: error in opening zip file
	at org.apache.catalina.webresources.AbstractSingleArchiveResourceSet.initInternal(AbstractSingleArchiveResourceSet.java:143)
	at org.apache.catalina.util.LifecycleBase.init(LifecycleBase.java:136)
	... 25 more
Caused by: java.util.zip.ZipException: error in opening zip file
	at java.util.zip.ZipFile.open(Native Method)
	at java.util.zip.ZipFile.<init>(Unknown Source)
	at java.util.zip.ZipFile.<init>(Unknown Source)
	at java.util.jar.JarFile.<init>(Unknown Source)
	at java.util.jar.JarFile.<init>(Unknown Source)
	at org.apache.tomcat.util.compat.JreCompat.jarFileNewInstance(JreCompat.java:164)
	at org.apache.tomcat.util.compat.JreCompat.jarFileNewInstance(JreCompat.java:149)
	at org.apache.catalina.webresources.AbstractSingleArchiveResourceSet.initInternal(AbstractSingleArchiveResourceSet.java:140)
	... 26 more

17-Apr-2019 13:37:31.014 SEVERE [ContainerBackgroundProcessor[StandardEngine[Catalina]]] org.apache.catalina.startup.HostConfig.deployWAR Error deploying web application archive [C:\Users\HP\Desktop\apache-tomcat-9.0.10\webapps\project1.war]
 java.lang.IllegalStateException: ContainerBase.addChild: start: org.apache.catalina.LifecycleException: Failed to initialize component [org.apache.catalina.webresources.WarResourceSet@58201b3e]
	at org.apache.catalina.core.ContainerBase.addChildInternal(ContainerBase.java:746)
	at org.apache.catalina.core.ContainerBase.addChild(ContainerBase.java:718)
	at org.apache.catalina.core.StandardHost.addChild(StandardHost.java:703)
	at org.apache.catalina.startup.HostConfig.deployWAR(HostConfig.java:986)
	at org.apache.catalina.startup.HostConfig$DeployWar.run(HostConfig.java:1858)
	at java.util.concurrent.Executors$RunnableAdapter.call(Unknown Source)
	at java.util.concurrent.FutureTask.run(Unknown Source)
	at org.apache.tomcat.util.threads.InlineExecutorService.execute(InlineExecutorService.java:75)
	at java.util.concurrent.AbstractExecutorService.submit(Unknown Source)
	at org.apache.catalina.startup.HostConfig.deployWARs(HostConfig.java:772)
	at org.apache.catalina.startup.HostConfig.deployApps(HostConfig.java:426)
	at org.apache.catalina.startup.HostConfig.check(HostConfig.java:1629)
	at org.apache.catalina.startup.HostConfig.lifecycleEvent(HostConfig.java:304)
	at org.apache.catalina.util.LifecycleBase.fireLifecycleEvent(LifecycleBase.java:123)
	at org.apache.catalina.core.ContainerBase.backgroundProcess(ContainerBase.java:1174)
	at org.apache.catalina.core.ContainerBase$ContainerBackgroundProcessor.processChildren(ContainerBase.java:1396)
	at org.apache.catalina.core.ContainerBase$ContainerBackgroundProcessor.processChildren(ContainerBase.java:1400)
	at org.apache.catalina.core.ContainerBase$ContainerBackgroundProcessor.run(ContainerBase.java:1368)
	at java.lang.Thread.run(Unknown Source)

17-Apr-2019 13:37:31.014 INFO [ContainerBackgroundProcessor[StandardEngine[Catalina]]] org.apache.catalina.startup.HostConfig.deployWAR Deployment of web application archive [C:\Users\HP\Desktop\apache-tomcat-9.0.10\webapps\project1.war] has finished in [218] ms
17-Apr-2019 13:37:41.042 INFO [ContainerBackgroundProcessor[StandardEngine[Catalina]]] org.apache.catalina.startup.HostConfig.undeploy Undeploying context [/project1]
17-Apr-2019 13:37:41.042 INFO [ContainerBackgroundProcessor[StandardEngine[Catalina]]] org.apache.catalina.startup.HostConfig.deployWAR Deploying web application archive [C:\Users\HP\Desktop\apache-tomcat-9.0.10\webapps\project1.war]
17-Apr-2019 13:37:48.365 INFO [ContainerBackgroundProcessor[StandardEngine[Catalina]]] org.apache.jasper.servlet.TldScanner.scanJars At least one JAR was scanned for TLDs yet contained no TLDs. Enable debug logging for this logger for a complete list of JARs that were scanned but no TLDs were found in them. Skipping unneeded JARs during scanning can improve startup time and JSP compilation time.
17-Apr-2019 13:37:48.396 INFO [ContainerBackgroundProcessor[StandardEngine[Catalina]]] org.apache.catalina.startup.HostConfig.deployWAR Deployment of web application archive [C:\Users\HP\Desktop\apache-tomcat-9.0.10\webapps\project1.war] has finished in [7,354] ms
17-Apr-2019 13:55:04.790 INFO [main] org.apache.catalina.startup.VersionLoggerListener.log Server version:        Apache Tomcat/9.0.10
17-Apr-2019 13:55:04.804 INFO [main] org.apache.catalina.startup.VersionLoggerListener.log Server built:          Jun 20 2018 17:32:21 UTC
17-Apr-2019 13:55:04.806 INFO [main] org.apache.catalina.startup.VersionLoggerListener.log Server number:         9.0.10.0
17-Apr-2019 13:55:04.807 INFO [main] org.apache.catalina.startup.VersionLoggerListener.log OS Name:               Windows 10
17-Apr-2019 13:55:04.816 INFO [main] org.apache.catalina.startup.VersionLoggerListener.log OS Version:            10.0
17-Apr-2019 13:55:04.817 INFO [main] org.apache.catalina.startup.VersionLoggerListener.log Architecture:          amd64
17-Apr-2019 13:55:04.817 INFO [main] org.apache.catalina.startup.VersionLoggerListener.log Java Home:             C:\Program Files\Java\jre1.8.0_162
17-Apr-2019 13:55:04.818 INFO [main] org.apache.catalina.startup.VersionLoggerListener.log JVM Version:           1.8.0_162-b12
17-Apr-2019 13:55:04.819 INFO [main] org.apache.catalina.startup.VersionLoggerListener.log JVM Vendor:            Oracle Corporation
17-Apr-2019 13:55:04.819 INFO [main] org.apache.catalina.startup.VersionLoggerListener.log CATALINA_BASE:         C:\Users\HP\Desktop\apache-tomcat-9.0.10
17-Apr-2019 13:55:04.820 INFO [main] org.apache.catalina.startup.VersionLoggerListener.log CATALINA_HOME:         C:\Users\HP\Desktop\apache-tomcat-9.0.10
17-Apr-2019 13:55:04.821 INFO [main] org.apache.catalina.startup.VersionLoggerListener.log Command line argument: -Djava.util.logging.config.file=C:\Users\HP\Desktop\apache-tomcat-9.0.10\conf\logging.properties
17-Apr-2019 13:55:04.822 INFO [main] org.apache.catalina.startup.VersionLoggerListener.log Command line argument: -Djava.util.logging.manager=org.apache.juli.ClassLoaderLogManager
17-Apr-2019 13:55:04.822 INFO [main] org.apache.catalina.startup.VersionLoggerListener.log Command line argument: -Djdk.tls.ephemeralDHKeySize=2048
17-Apr-2019 13:55:04.823 INFO [main] org.apache.catalina.startup.VersionLoggerListener.log Command line argument: -Djava.protocol.handler.pkgs=org.apache.catalina.webresources
17-Apr-2019 13:55:04.824 INFO [main] org.apache.catalina.startup.VersionLoggerListener.log Command line argument: -Dignore.endorsed.dirs=
17-Apr-2019 13:55:04.828 INFO [main] org.apache.catalina.startup.VersionLoggerListener.log Command line argument: -Dcatalina.base=C:\Users\HP\Desktop\apache-tomcat-9.0.10
17-Apr-2019 13:55:04.830 INFO [main] org.apache.catalina.startup.VersionLoggerListener.log Command line argument: -Dcatalina.home=C:\Users\HP\Desktop\apache-tomcat-9.0.10
17-Apr-2019 13:55:04.831 INFO [main] org.apache.catalina.startup.VersionLoggerListener.log Command line argument: -Djava.io.tmpdir=C:\Users\HP\Desktop\apache-tomcat-9.0.10\temp
17-Apr-2019 13:55:04.832 INFO [main] org.apache.catalina.core.AprLifecycleListener.lifecycleEvent Loaded APR based Apache Tomcat Native library [1.2.17] using APR version [1.6.3].
17-Apr-2019 13:55:04.833 INFO [main] org.apache.catalina.core.AprLifecycleListener.lifecycleEvent APR capabilities: IPv6 [true], sendfile [true], accept filters [false], random [true].
17-Apr-2019 13:55:04.833 INFO [main] org.apache.catalina.core.AprLifecycleListener.lifecycleEvent APR/OpenSSL configuration: useAprConnector [false], useOpenSSL [true]
17-Apr-2019 13:55:05.978 INFO [main] org.apache.catalina.core.AprLifecycleListener.initializeSSL OpenSSL successfully initialized [OpenSSL 1.0.2o  27 Mar 2018]
17-Apr-2019 13:55:06.270 INFO [main] org.apache.coyote.AbstractProtocol.init Initializing ProtocolHandler ["http-nio-8080"]
17-Apr-2019 13:55:06.297 SEVERE [main] org.apache.catalina.util.LifecycleBase.handleSubClassException Failed to initialize component [Connector[HTTP/1.1-8080]]
 org.apache.catalina.LifecycleException: Protocol handler initialization failed
	at org.apache.catalina.connector.Connector.initInternal(Connector.java:935)
	at org.apache.catalina.util.LifecycleBase.init(LifecycleBase.java:136)
	at org.apache.catalina.core.StandardService.initInternal(StandardService.java:530)
	at org.apache.catalina.util.LifecycleBase.init(LifecycleBase.java:136)
	at org.apache.catalina.core.StandardServer.initInternal(StandardServer.java:852)
	at org.apache.catalina.util.LifecycleBase.init(LifecycleBase.java:136)
	at org.apache.catalina.startup.Catalina.load(Catalina.java:633)
	at org.apache.catalina.startup.Catalina.load(Catalina.java:656)
	at sun.reflect.NativeMethodAccessorImpl.invoke0(Native Method)
	at sun.reflect.NativeMethodAccessorImpl.invoke(Unknown Source)
	at sun.reflect.DelegatingMethodAccessorImpl.invoke(Unknown Source)
	at java.lang.reflect.Method.invoke(Unknown Source)
	at org.apache.catalina.startup.Bootstrap.load(Bootstrap.java:306)
	at org.apache.catalina.startup.Bootstrap.main(Bootstrap.java:491)
Caused by: java.net.BindException: Address already in use: bind
	at sun.nio.ch.Net.bind0(Native Method)
	at sun.nio.ch.Net.bind(Unknown Source)
	at sun.nio.ch.Net.bind(Unknown Source)
	at sun.nio.ch.ServerSocketChannelImpl.bind(Unknown Source)
	at sun.nio.ch.ServerSocketAdaptor.bind(Unknown Source)
	at org.apache.tomcat.util.net.NioEndpoint.initServerSocket(NioEndpoint.java:227)
	at org.apache.tomcat.util.net.NioEndpoint.bind(NioEndpoint.java:202)
	at org.apache.tomcat.util.net.AbstractEndpoint.init(AbstractEndpoint.java:1043)
	at org.apache.coyote.AbstractProtocol.init(AbstractProtocol.java:540)
	at org.apache.coyote.http11.AbstractHttp11Protocol.init(AbstractHttp11Protocol.java:74)
	at org.apache.catalina.connector.Connector.initInternal(Connector.java:932)
	... 13 more

17-Apr-2019 13:55:06.300 INFO [main] org.apache.coyote.AbstractProtocol.init Initializing ProtocolHandler ["ajp-nio-8009"]
17-Apr-2019 13:55:06.307 SEVERE [main] org.apache.catalina.util.LifecycleBase.handleSubClassException Failed to initialize component [Connector[AJP/1.3-8009]]
 org.apache.catalina.LifecycleException: Protocol handler initialization failed
	at org.apache.catalina.connector.Connector.initInternal(Connector.java:935)
	at org.apache.catalina.util.LifecycleBase.init(LifecycleBase.java:136)
	at org.apache.catalina.core.StandardService.initInternal(StandardService.java:530)
	at org.apache.catalina.util.LifecycleBase.init(LifecycleBase.java:136)
	at org.apache.catalina.core.StandardServer.initInternal(StandardServer.java:852)
	at org.apache.catalina.util.LifecycleBase.init(LifecycleBase.java:136)
	at org.apache.catalina.startup.Catalina.load(Catalina.java:633)
	at org.apache.catalina.startup.Catalina.load(Catalina.java:656)
	at sun.reflect.NativeMethodAccessorImpl.invoke0(Native Method)
	at sun.reflect.NativeMethodAccessorImpl.invoke(Unknown Source)
	at sun.reflect.DelegatingMethodAccessorImpl.invoke(Unknown Source)
	at java.lang.reflect.Method.invoke(Unknown Source)
	at org.apache.catalina.startup.Bootstrap.load(Bootstrap.java:306)
	at org.apache.catalina.startup.Bootstrap.main(Bootstrap.java:491)
Caused by: java.net.BindException: Address already in use: bind
	at sun.nio.ch.Net.bind0(Native Method)
	at sun.nio.ch.Net.bind(Unknown Source)
	at sun.nio.ch.Net.bind(Unknown Source)
	at sun.nio.ch.ServerSocketChannelImpl.bind(Unknown Source)
	at sun.nio.ch.ServerSocketAdaptor.bind(Unknown Source)
	at org.apache.tomcat.util.net.NioEndpoint.initServerSocket(NioEndpoint.java:227)
	at org.apache.tomcat.util.net.NioEndpoint.bind(NioEndpoint.java:202)
	at org.apache.tomcat.util.net.AbstractEndpoint.init(AbstractEndpoint.java:1043)
	at org.apache.coyote.AbstractProtocol.init(AbstractProtocol.java:540)
	at org.apache.catalina.connector.Connector.initInternal(Connector.java:932)
	... 13 more

17-Apr-2019 13:55:06.311 INFO [main] org.apache.catalina.startup.Catalina.load Initialization processed in 2229 ms
17-Apr-2019 13:55:06.377 INFO [main] org.apache.catalina.core.StandardService.startInternal Starting service [Catalina]
17-Apr-2019 13:55:06.379 INFO [main] org.apache.catalina.core.StandardEngine.startInternal Starting Servlet Engine: Apache Tomcat/9.0.10
17-Apr-2019 13:55:06.437 INFO [main] org.apache.catalina.startup.HostConfig.deployWAR Deploying web application archive [C:\Users\HP\Desktop\apache-tomcat-9.0.10\webapps\project1.war]
17-Apr-2019 13:55:06.493 INFO [main] org.apache.catalina.startup.ExpandWar.expand An expanded directory [C:\Users\HP\Desktop\apache-tomcat-9.0.10\webapps\project1] was found with a last modified time that did not match the associated WAR. It will be deleted.
17-Apr-2019 13:55:23.063 INFO [main] org.apache.jasper.servlet.TldScanner.scanJars At least one JAR was scanned for TLDs yet contained no TLDs. Enable debug logging for this logger for a complete list of JARs that were scanned but no TLDs were found in them. Skipping unneeded JARs during scanning can improve startup time and JSP compilation time.
17-Apr-2019 13:55:23.941 WARNING [main] org.apache.catalina.util.SessionIdGeneratorBase.createSecureRandom Creation of SecureRandom instance for session ID generation using [SHA1PRNG] took [740] milliseconds.
17-Apr-2019 13:55:23.989 INFO [main] org.apache.catalina.startup.HostConfig.deployWAR Deployment of web application archive [C:\Users\HP\Desktop\apache-tomcat-9.0.10\webapps\project1.war] has finished in [17,552] ms
17-Apr-2019 13:55:24.009 INFO [main] org.apache.catalina.startup.HostConfig.deployDirectory Deploying web application directory [C:\Users\HP\Desktop\apache-tomcat-9.0.10\webapps\docs]
17-Apr-2019 13:55:24.141 INFO [main] org.apache.catalina.startup.HostConfig.deployDirectory Deployment of web application directory [C:\Users\HP\Desktop\apache-tomcat-9.0.10\webapps\docs] has finished in [133] ms
17-Apr-2019 13:55:24.165 INFO [main] org.apache.catalina.startup.HostConfig.deployDirectory Deploying web application directory [C:\Users\HP\Desktop\apache-tomcat-9.0.10\webapps\examples]
17-Apr-2019 13:55:27.632 INFO [main] org.apache.catalina.startup.HostConfig.deployDirectory Deployment of web application directory [C:\Users\HP\Desktop\apache-tomcat-9.0.10\webapps\examples] has finished in [3,467] ms
17-Apr-2019 13:55:27.635 INFO [main] org.apache.catalina.startup.HostConfig.deployDirectory Deploying web application directory [C:\Users\HP\Desktop\apache-tomcat-9.0.10\webapps\host-manager]
17-Apr-2019 13:55:27.776 INFO [main] org.apache.catalina.startup.HostConfig.deployDirectory Deployment of web application directory [C:\Users\HP\Desktop\apache-tomcat-9.0.10\webapps\host-manager] has finished in [141] ms
17-Apr-2019 13:55:27.777 INFO [main] org.apache.catalina.startup.HostConfig.deployDirectory Deploying web application directory [C:\Users\HP\Desktop\apache-tomcat-9.0.10\webapps\manager]
17-Apr-2019 13:55:27.887 INFO [main] org.apache.catalina.startup.HostConfig.deployDirectory Deployment of web application directory [C:\Users\HP\Desktop\apache-tomcat-9.0.10\webapps\manager] has finished in [109] ms
17-Apr-2019 13:55:27.888 INFO [main] org.apache.catalina.startup.HostConfig.deployDirectory Deploying web application directory [C:\Users\HP\Desktop\apache-tomcat-9.0.10\webapps\ROOT]
17-Apr-2019 13:55:27.968 INFO [main] org.apache.catalina.startup.HostConfig.deployDirectory Deployment of web application directory [C:\Users\HP\Desktop\apache-tomcat-9.0.10\webapps\ROOT] has finished in [81] ms
17-Apr-2019 13:55:27.973 INFO [main] org.apache.catalina.startup.Catalina.start Server startup in 21660 ms
17-Apr-2019 13:55:27.981 SEVERE [main] org.apache.catalina.core.StandardServer.await StandardServer.await: create[localhost:8005]: 
 java.net.BindException: Address already in use: JVM_Bind
	at java.net.DualStackPlainSocketImpl.bind0(Native Method)
	at java.net.DualStackPlainSocketImpl.socketBind(Unknown Source)
	at java.net.AbstractPlainSocketImpl.bind(Unknown Source)
	at java.net.PlainSocketImpl.bind(Unknown Source)
	at java.net.ServerSocket.bind(Unknown Source)
	at java.net.ServerSocket.<init>(Unknown Source)
	at org.apache.catalina.core.StandardServer.await(StandardServer.java:422)
	at org.apache.catalina.startup.Catalina.await(Catalina.java:770)
	at org.apache.catalina.startup.Catalina.start(Catalina.java:716)
	at sun.reflect.NativeMethodAccessorImpl.invoke0(Native Method)
	at sun.reflect.NativeMethodAccessorImpl.invoke(Unknown Source)
	at sun.reflect.DelegatingMethodAccessorImpl.invoke(Unknown Source)
	at java.lang.reflect.Method.invoke(Unknown Source)
	at org.apache.catalina.startup.Bootstrap.start(Bootstrap.java:350)
	at org.apache.catalina.startup.Bootstrap.main(Bootstrap.java:492)

17-Apr-2019 13:55:27.982 INFO [main] org.apache.coyote.AbstractProtocol.pause Pausing ProtocolHandler ["http-nio-8080"]
17-Apr-2019 13:55:27.982 INFO [main] org.apache.coyote.AbstractProtocol.pause Pausing ProtocolHandler ["ajp-nio-8009"]
17-Apr-2019 13:55:27.984 INFO [main] org.apache.catalina.core.StandardService.stopInternal Stopping service [Catalina]
17-Apr-2019 13:55:28.020 INFO [main] org.apache.coyote.AbstractProtocol.stop Stopping ProtocolHandler ["http-nio-8080"]
17-Apr-2019 13:55:28.023 INFO [main] org.apache.coyote.AbstractProtocol.destroy Destroying ProtocolHandler ["http-nio-8080"]
17-Apr-2019 13:55:28.027 INFO [main] org.apache.coyote.AbstractProtocol.stop Stopping ProtocolHandler ["ajp-nio-8009"]
17-Apr-2019 13:55:28.028 INFO [main] org.apache.coyote.AbstractProtocol.destroy Destroying ProtocolHandler ["ajp-nio-8009"]
17-Apr-2019 14:20:57.157 INFO [main] org.apache.catalina.startup.VersionLoggerListener.log Server version:        Apache Tomcat/9.0.10
17-Apr-2019 14:20:57.157 INFO [main] org.apache.catalina.startup.VersionLoggerListener.log Server built:          Jun 20 2018 17:32:21 UTC
17-Apr-2019 14:20:57.157 INFO [main] org.apache.catalina.startup.VersionLoggerListener.log Server number:         9.0.10.0
17-Apr-2019 14:20:57.157 INFO [main] org.apache.catalina.startup.VersionLoggerListener.log OS Name:               Windows 10
17-Apr-2019 14:20:57.157 INFO [main] org.apache.catalina.startup.VersionLoggerListener.log OS Version:            10.0
17-Apr-2019 14:20:57.157 INFO [main] org.apache.catalina.startup.VersionLoggerListener.log Architecture:          amd64
17-Apr-2019 14:20:57.172 INFO [main] org.apache.catalina.startup.VersionLoggerListener.log Java Home:             C:\Program Files\Java\jre1.8.0_162
17-Apr-2019 14:20:57.172 INFO [main] org.apache.catalina.startup.VersionLoggerListener.log JVM Version:           1.8.0_162-b12
17-Apr-2019 14:20:57.172 INFO [main] org.apache.catalina.startup.VersionLoggerListener.log JVM Vendor:            Oracle Corporation
17-Apr-2019 14:20:57.172 INFO [main] org.apache.catalina.startup.VersionLoggerListener.log CATALINA_BASE:         C:\Users\HP\Desktop\apache-tomcat-9.0.10
17-Apr-2019 14:20:57.172 INFO [main] org.apache.catalina.startup.VersionLoggerListener.log CATALINA_HOME:         C:\Users\HP\Desktop\apache-tomcat-9.0.10
17-Apr-2019 14:20:57.172 INFO [main] org.apache.catalina.startup.VersionLoggerListener.log Command line argument: -Djava.util.logging.config.file=C:\Users\HP\Desktop\apache-tomcat-9.0.10\conf\logging.properties
17-Apr-2019 14:20:57.172 INFO [main] org.apache.catalina.startup.VersionLoggerListener.log Command line argument: -Djava.util.logging.manager=org.apache.juli.ClassLoaderLogManager
17-Apr-2019 14:20:57.172 INFO [main] org.apache.catalina.startup.VersionLoggerListener.log Command line argument: -Djdk.tls.ephemeralDHKeySize=2048
17-Apr-2019 14:20:57.172 INFO [main] org.apache.catalina.startup.VersionLoggerListener.log Command line argument: -Djava.protocol.handler.pkgs=org.apache.catalina.webresources
17-Apr-2019 14:20:57.172 INFO [main] org.apache.catalina.startup.VersionLoggerListener.log Command line argument: -Dignore.endorsed.dirs=
17-Apr-2019 14:20:57.172 INFO [main] org.apache.catalina.startup.VersionLoggerListener.log Command line argument: -Dcatalina.base=C:\Users\HP\Desktop\apache-tomcat-9.0.10
17-Apr-2019 14:20:57.172 INFO [main] org.apache.catalina.startup.VersionLoggerListener.log Command line argument: -Dcatalina.home=C:\Users\HP\Desktop\apache-tomcat-9.0.10
17-Apr-2019 14:20:57.172 INFO [main] org.apache.catalina.startup.VersionLoggerListener.log Command line argument: -Djava.io.tmpdir=C:\Users\HP\Desktop\apache-tomcat-9.0.10\temp
17-Apr-2019 14:20:57.172 INFO [main] org.apache.catalina.core.AprLifecycleListener.lifecycleEvent Loaded APR based Apache Tomcat Native library [1.2.17] using APR version [1.6.3].
17-Apr-2019 14:20:57.172 INFO [main] org.apache.catalina.core.AprLifecycleListener.lifecycleEvent APR capabilities: IPv6 [true], sendfile [true], accept filters [false], random [true].
17-Apr-2019 14:20:57.172 INFO [main] org.apache.catalina.core.AprLifecycleListener.lifecycleEvent APR/OpenSSL configuration: useAprConnector [false], useOpenSSL [true]
17-Apr-2019 14:20:58.262 INFO [main] org.apache.catalina.core.AprLifecycleListener.initializeSSL OpenSSL successfully initialized [OpenSSL 1.0.2o  27 Mar 2018]
17-Apr-2019 14:20:58.596 INFO [main] org.apache.coyote.AbstractProtocol.init Initializing ProtocolHandler ["http-nio-8080"]
17-Apr-2019 14:20:59.124 INFO [main] org.apache.tomcat.util.net.NioSelectorPool.getSharedSelector Using a shared selector for servlet write/read
17-Apr-2019 14:20:59.148 INFO [main] org.apache.coyote.AbstractProtocol.init Initializing ProtocolHandler ["ajp-nio-8009"]
17-Apr-2019 14:20:59.160 INFO [main] org.apache.tomcat.util.net.NioSelectorPool.getSharedSelector Using a shared selector for servlet write/read
17-Apr-2019 14:20:59.164 INFO [main] org.apache.catalina.startup.Catalina.load Initialization processed in 2740 ms
17-Apr-2019 14:20:59.233 INFO [main] org.apache.catalina.core.StandardService.startInternal Starting service [Catalina]
17-Apr-2019 14:20:59.233 INFO [main] org.apache.catalina.core.StandardEngine.startInternal Starting Servlet Engine: Apache Tomcat/9.0.10
17-Apr-2019 14:20:59.280 INFO [main] org.apache.catalina.startup.HostConfig.deployWAR Deploying web application archive [C:\Users\HP\Desktop\apache-tomcat-9.0.10\webapps\project1.war]
17-Apr-2019 14:21:04.217 INFO [main] org.apache.jasper.servlet.TldScanner.scanJars At least one JAR was scanned for TLDs yet contained no TLDs. Enable debug logging for this logger for a complete list of JARs that were scanned but no TLDs were found in them. Skipping unneeded JARs during scanning can improve startup time and JSP compilation time.
17-Apr-2019 14:21:04.313 INFO [main] org.apache.catalina.startup.HostConfig.deployWAR Deployment of web application archive [C:\Users\HP\Desktop\apache-tomcat-9.0.10\webapps\project1.war] has finished in [5,033] ms
17-Apr-2019 14:21:04.317 INFO [main] org.apache.catalina.startup.HostConfig.deployDirectory Deploying web application directory [C:\Users\HP\Desktop\apache-tomcat-9.0.10\webapps\docs]
17-Apr-2019 14:21:04.377 INFO [main] org.apache.catalina.startup.HostConfig.deployDirectory Deployment of web application directory [C:\Users\HP\Desktop\apache-tomcat-9.0.10\webapps\docs] has finished in [60] ms
17-Apr-2019 14:21:04.377 INFO [main] org.apache.catalina.startup.HostConfig.deployDirectory Deploying web application directory [C:\Users\HP\Desktop\apache-tomcat-9.0.10\webapps\examples]
17-Apr-2019 14:21:07.389 INFO [main] org.apache.catalina.startup.HostConfig.deployDirectory Deployment of web application directory [C:\Users\HP\Desktop\apache-tomcat-9.0.10\webapps\examples] has finished in [3,012] ms
17-Apr-2019 14:21:07.393 INFO [main] org.apache.catalina.startup.HostConfig.deployDirectory Deploying web application directory [C:\Users\HP\Desktop\apache-tomcat-9.0.10\webapps\host-manager]
17-Apr-2019 14:21:07.477 INFO [main] org.apache.catalina.startup.HostConfig.deployDirectory Deployment of web application directory [C:\Users\HP\Desktop\apache-tomcat-9.0.10\webapps\host-manager] has finished in [84] ms
17-Apr-2019 14:21:07.477 INFO [main] org.apache.catalina.startup.HostConfig.deployDirectory Deploying web application directory [C:\Users\HP\Desktop\apache-tomcat-9.0.10\webapps\manager]
17-Apr-2019 14:21:07.577 INFO [main] org.apache.catalina.startup.HostConfig.deployDirectory Deployment of web application directory [C:\Users\HP\Desktop\apache-tomcat-9.0.10\webapps\manager] has finished in [100] ms
17-Apr-2019 14:21:07.577 INFO [main] org.apache.catalina.startup.HostConfig.deployDirectory Deploying web application directory [C:\Users\HP\Desktop\apache-tomcat-9.0.10\webapps\ROOT]
17-Apr-2019 14:21:07.641 INFO [main] org.apache.catalina.startup.HostConfig.deployDirectory Deployment of web application directory [C:\Users\HP\Desktop\apache-tomcat-9.0.10\webapps\ROOT] has finished in [64] ms
17-Apr-2019 14:21:07.649 INFO [main] org.apache.coyote.AbstractProtocol.start Starting ProtocolHandler ["http-nio-8080"]
17-Apr-2019 14:21:07.665 INFO [main] org.apache.coyote.AbstractProtocol.start Starting ProtocolHandler ["ajp-nio-8009"]
17-Apr-2019 14:21:07.677 INFO [main] org.apache.catalina.startup.Catalina.start Server startup in 8509 ms
